0 info it worked if it ends with ok
1 verbose cli [ '/usr/local/bin/node', '/usr/local/bin/npm', 'publish' ]
2 info using npm@3.10.7
3 info using node@v6.2.2
4 verbose publish [ '.' ]
5 silly cache add args [ '.', null ]
6 verbose cache add spec .
7 silly cache add parsed spec Result {
7 silly cache add   raw: '.',
7 silly cache add   scope: null,
7 silly cache add   escapedName: null,
7 silly cache add   name: null,
7 silly cache add   rawSpec: '.',
7 silly cache add   spec: '/Users/StychenTan/Developer/Node/react-newline-to-break',
7 silly cache add   type: 'directory' }
8 verbose addLocalDirectory /Users/StychenTan/.npm/react-newline-to-break/1.0.0/package.tgz not in flight; packing
9 verbose correctMkdir /Users/StychenTan/.npm correctMkdir not in flight; initializing
10 info lifecycle react-newline-to-break@1.0.0~prepublish: react-newline-to-break@1.0.0
11 verbose lifecycle react-newline-to-break@1.0.0~prepublish: unsafe-perm in lifecycle true
12 verbose lifecycle react-newline-to-break@1.0.0~prepublish: PATH: /usr/local/lib/node_modules/npm/bin/node-gyp-bin:/Users/StychenTan/Developer/Node/react-newline-to-break/node_modules/.bin:/bin:/sbin:/usr/bin:/usr/local/sbin:/usr/local/bin:/Users/StychenTan/.rvm/gems/ruby-2.3.1/bin:/Users/StychenTan/.rvm/gems/ruby-2.3.1@global/bin:/Users/StychenTan/.rvm/rubies/ruby-2.3.1/bin:/opt/local/bin:/opt/local/sbin:/opt/local/bin:/opt/local/sbin:/Users/StychenTan/.nvm/versions/node/v6.7.0/bin:/usr/local/bin:/usr/bin:/bin:/usr/sbin:/sbin:/opt/X11/bin:/Users/StychenTan/.rvm/bin:/Users/StychenTan/.rvm/bin
13 verbose lifecycle react-newline-to-break@1.0.0~prepublish: CWD: /Users/StychenTan/Developer/Node/react-newline-to-break
14 silly lifecycle react-newline-to-break@1.0.0~prepublish: Args: [ '-c', 'npm run build' ]
15 silly lifecycle react-newline-to-break@1.0.0~prepublish: Returned: code: 0  signal: null
16 verbose tar pack [ '/Users/StychenTan/.npm/react-newline-to-break/1.0.0/package.tgz',
16 verbose tar pack   '/Users/StychenTan/Developer/Node/react-newline-to-break' ]
17 verbose tarball /Users/StychenTan/.npm/react-newline-to-break/1.0.0/package.tgz
18 verbose folder /Users/StychenTan/Developer/Node/react-newline-to-break
19 verbose addLocalTarball adding from inside cache /Users/StychenTan/.npm/react-newline-to-break/1.0.0/package.tgz
20 verbose correctMkdir /Users/StychenTan/.npm correctMkdir not in flight; initializing
21 silly cache afterAdd react-newline-to-break@1.0.0
22 verbose afterAdd /Users/StychenTan/.npm/react-newline-to-break/1.0.0/package/package.json not in flight; writing
23 verbose correctMkdir /Users/StychenTan/.npm correctMkdir not in flight; initializing
24 verbose afterAdd /Users/StychenTan/.npm/react-newline-to-break/1.0.0/package/package.json written
25 silly publish { name: 'react-newline-to-break',
25 silly publish   version: '1.0.0',
25 silly publish   description: 'Convert newlines \'\\n\' to break \'<br />\'. Made for React',
25 silly publish   main: 'lib/nl2br.min.js',
25 silly publish   scripts:
25 silly publish    { dev: 'webpack --watch',
25 silly publish      build: 'webpack',
25 silly publish      test: 'karma start',
25 silly publish      tdd: 'karma start --auto-watch --no-single-run',
25 silly publish      prepublish: 'npm run build' },
25 silly publish   repository:
25 silly publish    { type: 'git',
25 silly publish      url: 'git+https://github.com/Stychen/React-Newline-to-Break.git' },
25 silly publish   keywords: [ 'react', 'nl2br', 'newline', 'break' ],
25 silly publish   homepage: 'https://github.com/Stychen/React-Newline-to-Break/blob/master/README.md',
25 silly publish   author: { name: 'Stychen Tan', email: 'stychentan@gmail.com' },
25 silly publish   license: 'MIT',
25 silly publish   bugs: { url: 'https://github.com/yosuke-furukawa/react-nl2br/issues' },
25 silly publish   dependencies: { react: '^15.3.2' },
25 silly publish   devDependencies:
25 silly publish    { 'babel-core': '^6.18.0',
25 silly publish      'babel-eslint': '^7.1.0',
25 silly publish      'babel-loader': '^6.2.7',
25 silly publish      'babel-preset-es2015': '^6.18.0',
25 silly publish      'babel-preset-react': '^6.16.0',
25 silly publish      'clean-webpack-plugin': '^0.1.13',
25 silly publish      eslint: '^3.9.0',
25 silly publish      'eslint-loader': '^1.6.0',
25 silly publish      'eslint-plugin-react': '^6.4.1',
25 silly publish      'isparta-loader': '^2.0.0',
25 silly publish      karma: '^1.3.0',
25 silly publish      'karma-coverage': '^1.1.1',
25 silly publish      'karma-mocha': '^1.2.0',
25 silly publish      'karma-phantomjs-launcher': '^1.0.2',
25 silly publish      'karma-sourcemap-loader': '^0.3.7',
25 silly publish      'karma-spec-reporter': '0.0.26',
25 silly publish      'karma-tap': '^3.1.1',
25 silly publish      'karma-webpack': '^1.8.0',
25 silly publish      mocha: '^3.1.2',
25 silly publish      webpack: '^1.13.3',
25 silly publish      'webpack-merge': '^0.15.0' },
25 silly publish   readme: '# React-Newline-to-Break\nConverts your strings with newlines ("\\n") to error/warning free React components.\n\n\n### Installation\n```bash\nnpm i react-newline-to-break --save\n```\n\n### Usage\n\nFirst, require it from your app\'s JavaScript files with:\n```bash\nimport nl2br from \'react-newline-to-break\';\n```\n\n### Example\n\n```js\nimport React from \'react\';\nimport nl2br from \'react-newline-to-break\'; \n\n\nclass App extends React.Component {\n\n  render() {\n    let myString = "Hello I am cool\\nbut you are too\\n\\nCan we be friends?"\n    return (\n      <div>\n        {nl2br(myString)}\n      </div>\n    );\n  }\n}\n```\n\nthis will render into something like\n```js\n<div>\n    <span key={0}>\n        Hello I am cool\n        <br/>\n    </span>\n    <span key={1}>\n        but you are too\n        <br/>\n    </span>\n    <span key={2}>\n        <br/>\n    </span>\n    <span key={3}>\n        Can we be friends?\n        <br/>\n    </span>\n</div>\n\n```\n\nHello I am cool\nbut you are too\n\nCan we be friends?',
25 silly publish   readmeFilename: 'README.md',
25 silly publish   gitHead: '8e976959ea9451168a5ce91b314316ba2e17b120',
25 silly publish   _id: 'react-newline-to-break@1.0.0',
25 silly publish   _shasum: 'd079888b92da5b72482c3a0ace2fc901be03d5ad',
25 silly publish   _from: '.' }
26 verbose getPublishConfig undefined
27 silly mapToRegistry name react-newline-to-break
28 silly mapToRegistry using default registry
29 silly mapToRegistry registry https://registry.npmjs.org/
30 silly mapToRegistry data Result {
30 silly mapToRegistry   raw: 'react-newline-to-break',
30 silly mapToRegistry   scope: null,
30 silly mapToRegistry   escapedName: 'react-newline-to-break',
30 silly mapToRegistry   name: 'react-newline-to-break',
30 silly mapToRegistry   rawSpec: '',
30 silly mapToRegistry   spec: 'latest',
30 silly mapToRegistry   type: 'tag' }
31 silly mapToRegistry uri https://registry.npmjs.org/react-newline-to-break
32 verbose publish registryBase https://registry.npmjs.org/
33 silly publish uploading /Users/StychenTan/.npm/react-newline-to-break/1.0.0/package.tgz
34 verbose request uri https://registry.npmjs.org/react-newline-to-break
35 verbose request sending authorization for write operation
36 info attempt registry request try #1 at 2:18:13 AM
37 verbose request using bearer token for auth
38 verbose request id 5d16a498053c71ef
39 http request PUT https://registry.npmjs.org/react-newline-to-break
40 http 403 https://registry.npmjs.org/react-newline-to-break
41 verbose headers { 'content-type': 'application/json',
41 verbose headers   'cache-control': 'max-age=300',
41 verbose headers   'content-length': '95',
41 verbose headers   'accept-ranges': 'bytes',
41 verbose headers   date: 'Mon, 31 Oct 2016 18:18:15 GMT',
41 verbose headers   via: '1.1 varnish',
41 verbose headers   connection: 'keep-alive',
41 verbose headers   'x-served-by': 'cache-hkg6824-HKG',
41 verbose headers   'x-cache': 'MISS',
41 verbose headers   'x-cache-hits': '0',
41 verbose headers   'x-timer': 'S1477937893.878539,VS0,VE1515',
41 verbose headers   vary: 'Accept-Encoding' }
42 verbose request invalidating /Users/StychenTan/.npm/registry.npmjs.org/react-newline-to-break on PUT
43 error publish Failed PUT 403
44 verbose stack Error: "You cannot publish over the previously published version 1.0.0." : react-newline-to-break
44 verbose stack     at makeError (/usr/local/lib/node_modules/npm/node_modules/npm-registry-client/lib/request.js:264:12)
44 verbose stack     at CachingRegistryClient.<anonymous> (/usr/local/lib/node_modules/npm/node_modules/npm-registry-client/lib/request.js:252:14)
44 verbose stack     at Request._callback (/usr/local/lib/node_modules/npm/node_modules/npm-registry-client/lib/request.js:172:14)
44 verbose stack     at Request.self.callback (/usr/local/lib/node_modules/npm/node_modules/request/request.js:187:22)
44 verbose stack     at emitTwo (events.js:106:13)
44 verbose stack     at Request.emit (events.js:191:7)
44 verbose stack     at Request.<anonymous> (/usr/local/lib/node_modules/npm/node_modules/request/request.js:1044:10)
44 verbose stack     at emitOne (events.js:96:13)
44 verbose stack     at Request.emit (events.js:188:7)
44 verbose stack     at IncomingMessage.<anonymous> (/usr/local/lib/node_modules/npm/node_modules/request/request.js:965:12)
45 verbose statusCode 403
46 verbose pkgid react-newline-to-break
47 verbose cwd /Users/StychenTan/Developer/Node/react-newline-to-break
48 error Darwin 16.1.0
49 error argv "/usr/local/bin/node" "/usr/local/bin/npm" "publish"
50 error node v6.2.2
51 error npm  v3.10.7
52 error code E403
53 error "You cannot publish over the previously published version 1.0.0." : react-newline-to-break
54 error If you need help, you may report this error at:
54 error     <https://github.com/npm/npm/issues>
55 verbose exit [ 1, true ]
